<?xml version="1.0" encoding="UTF-8"?>
<testng-results ignored="0" total="8" passed="8" failed="0" skipped="0">
  <reporter-output>
  </reporter-output>
  <suite started-at="2023-07-07T09:08:47 GMT-07:00" name="Suite" finished-at="2023-07-07T09:10:44 GMT-07:00" duration-ms="116772">
    <groups>
    </groups>
    <test started-at="2023-07-07T09:08:47 GMT-07:00" name="Login" finished-at="2023-07-07T09:09:00 GMT-07:00" duration-ms="12871">
      <class name="testing.loginTest">
        <test-method is-config="true" signature="setUp()[pri:0, instance:testing.loginTest@10959ece]" started-at="2023-07-07T09:08:47 GMT-07:00" name="setUp" finished-at="2023-07-07T09:08:58 GMT-07:00" duration-ms="10751" status="PASS">
          <reporter-output>
          </reporter-output>
        </test-method> <!-- setUp -->
        <test-method signature="loginadminr()[pri:0, instance:testing.loginTest@10959ece]" started-at="2023-07-07T09:08:58 GMT-07:00" name="loginadminr" finished-at="2023-07-07T09:08:59 GMT-07:00" duration-ms="1729" status="PASS">
          <reporter-output>
          </reporter-output>
        </test-method> <!-- loginadminr -->
        <test-method is-config="true" signature="cleanUp()[pri:0, instance:testing.loginTest@10959ece]" started-at="2023-07-07T09:08:59 GMT-07:00" name="cleanUp" finished-at="2023-07-07T09:09:00 GMT-07:00" duration-ms="331" status="PASS">
          <reporter-output>
          </reporter-output>
        </test-method> <!-- cleanUp -->
      </class> <!-- testing.loginTest -->
    </test> <!-- Login -->
    <test started-at="2023-07-07T09:09:00 GMT-07:00" name="Register" finished-at="2023-07-07T09:09:13 GMT-07:00" duration-ms="13424">
      <class name="testing.RegistrationTest">
        <test-method is-config="true" signature="setUp()[pri:0, instance:testing.RegistrationTest@4e096385]" started-at="2023-07-07T09:09:00 GMT-07:00" name="setUp" finished-at="2023-07-07T09:09:07 GMT-07:00" duration-ms="6584" status="PASS">
          <reporter-output>
          </reporter-output>
        </test-method> <!-- setUp -->
        <test-method signature="Usersignup()[pri:0, instance:testing.RegistrationTest@4e096385]" started-at="2023-07-07T09:09:07 GMT-07:00" name="Usersignup" finished-at="2023-07-07T09:09:13 GMT-07:00" duration-ms="6679" status="PASS">
          <reporter-output>
          </reporter-output>
        </test-method> <!-- Usersignup -->
        <test-method is-config="true" signature="cleanUp()[pri:0, instance:testing.RegistrationTest@4e096385]" started-at="2023-07-07T09:09:13 GMT-07:00" name="cleanUp" finished-at="2023-07-07T09:09:13 GMT-07:00" duration-ms="141" status="PASS">
          <reporter-output>
          </reporter-output>
        </test-method> <!-- cleanUp -->
      </class> <!-- testing.RegistrationTest -->
    </test> <!-- Register -->
    <test started-at="2023-07-07T09:09:14 GMT-07:00" name="AddMedicine" finished-at="2023-07-07T09:09:31 GMT-07:00" duration-ms="17139">
      <class name="testing.AddMedicineTest">
        <test-method is-config="true" signature="setUp()[pri:0, instance:testing.AddMedicineTest@306f16f3]" started-at="2023-07-07T09:09:14 GMT-07:00" name="setUp" finished-at="2023-07-07T09:09:22 GMT-07:00" duration-ms="8351" status="PASS">
          <reporter-output>
          </reporter-output>
        </test-method> <!-- setUp -->
        <test-method signature="addmedicine()[pri:0, instance:testing.AddMedicineTest@306f16f3]" started-at="2023-07-07T09:09:22 GMT-07:00" name="addmedicine" finished-at="2023-07-07T09:09:30 GMT-07:00" duration-ms="8102" status="PASS">
          <reporter-output>
          </reporter-output>
        </test-method> <!-- addmedicine -->
        <test-method is-config="true" signature="cleanUp()[pri:0, instance:testing.AddMedicineTest@306f16f3]" started-at="2023-07-07T09:09:30 GMT-07:00" name="cleanUp" finished-at="2023-07-07T09:09:31 GMT-07:00" duration-ms="675" status="PASS">
          <reporter-output>
          </reporter-output>
        </test-method> <!-- cleanUp -->
      </class> <!-- testing.AddMedicineTest -->
    </test> <!-- AddMedicine -->
    <test started-at="2023-07-07T09:09:31 GMT-07:00" name="showupdate" finished-at="2023-07-07T09:09:46 GMT-07:00" duration-ms="14848">
      <class name="testing.ShowUpdateTest">
        <test-method is-config="true" signature="setUp()[pri:0, instance:testing.ShowUpdateTest@247d8ae]" started-at="2023-07-07T09:09:31 GMT-07:00" name="setUp" finished-at="2023-07-07T09:09:39 GMT-07:00" duration-ms="8274" status="PASS">
          <reporter-output>
          </reporter-output>
        </test-method> <!-- setUp -->
        <test-method signature="ShowUpdate()[pri:0, instance:testing.ShowUpdateTest@247d8ae]" started-at="2023-07-07T09:09:39 GMT-07:00" name="ShowUpdate" finished-at="2023-07-07T09:09:45 GMT-07:00" duration-ms="5802" status="PASS">
          <reporter-output>
          </reporter-output>
        </test-method> <!-- ShowUpdate -->
        <test-method is-config="true" signature="cleanUp()[pri:0, instance:testing.ShowUpdateTest@247d8ae]" started-at="2023-07-07T09:09:45 GMT-07:00" name="cleanUp" finished-at="2023-07-07T09:09:46 GMT-07:00" duration-ms="767" status="PASS">
          <reporter-output>
          </reporter-output>
        </test-method> <!-- cleanUp -->
      </class> <!-- testing.ShowUpdateTest -->
    </test> <!-- showupdate -->
    <test started-at="2023-07-07T09:09:46 GMT-07:00" name="useroperations" finished-at="2023-07-07T09:10:09 GMT-07:00" duration-ms="22976">
      <class name="testing.userOperationsTest">
        <test-method is-config="true" signature="setUp()[pri:0, instance:testing.userOperationsTest@57af006c]" started-at="2023-07-07T09:09:46 GMT-07:00" name="setUp" finished-at="2023-07-07T09:09:55 GMT-07:00" duration-ms="8805" status="PASS">
          <reporter-output>
          </reporter-output>
        </test-method> <!-- setUp -->
        <test-method signature="useroperations()[pri:0, instance:testing.userOperationsTest@57af006c]" started-at="2023-07-07T09:09:55 GMT-07:00" name="useroperations" finished-at="2023-07-07T09:10:08 GMT-07:00" duration-ms="13612" status="PASS">
          <reporter-output>
          </reporter-output>
        </test-method> <!-- useroperations -->
        <test-method is-config="true" signature="cleanUp()[pri:0, instance:testing.userOperationsTest@57af006c]" started-at="2023-07-07T09:10:08 GMT-07:00" name="cleanUp" finished-at="2023-07-07T09:10:09 GMT-07:00" duration-ms="551" status="PASS">
          <reporter-output>
          </reporter-output>
        </test-method> <!-- cleanUp -->
      </class> <!-- testing.userOperationsTest -->
    </test> <!-- useroperations -->
    <test started-at="2023-07-07T09:10:09 GMT-07:00" name="userorders" finished-at="2023-07-07T09:10:19 GMT-07:00" duration-ms="10574">
      <class name="testing.UserOrdersTest">
        <test-method is-config="true" signature="setUp()[pri:0, instance:testing.UserOrdersTest@69997e9d]" started-at="2023-07-07T09:10:09 GMT-07:00" name="setUp" finished-at="2023-07-07T09:10:17 GMT-07:00" duration-ms="7796" status="PASS">
          <reporter-output>
          </reporter-output>
        </test-method> <!-- setUp -->
        <test-method signature="userOrders()[pri:0, instance:testing.UserOrdersTest@69997e9d]" started-at="2023-07-07T09:10:17 GMT-07:00" name="userOrders" finished-at="2023-07-07T09:10:19 GMT-07:00" duration-ms="2637" status="PASS">
          <reporter-output>
          </reporter-output>
        </test-method> <!-- userOrders -->
        <test-method is-config="true" signature="cleanUp()[pri:0, instance:testing.UserOrdersTest@69997e9d]" started-at="2023-07-07T09:10:19 GMT-07:00" name="cleanUp" finished-at="2023-07-07T09:10:19 GMT-07:00" duration-ms="130" status="PASS">
          <reporter-output>
          </reporter-output>
        </test-method> <!-- cleanUp -->
      </class> <!-- testing.UserOrdersTest -->
    </test> <!-- userorders -->
    <test started-at="2023-07-07T09:10:19 GMT-07:00" name="Adminorders" finished-at="2023-07-07T09:10:29 GMT-07:00" duration-ms="9535">
      <class name="testing.AdminOrdersTest">
        <test-method is-config="true" signature="setUp()[pri:0, instance:testing.AdminOrdersTest@6babf3bf]" started-at="2023-07-07T09:10:19 GMT-07:00" name="setUp" finished-at="2023-07-07T09:10:25 GMT-07:00" duration-ms="5975" status="PASS">
          <reporter-output>
          </reporter-output>
        </test-method> <!-- setUp -->
        <test-method signature="Adminorders()[pri:0, instance:testing.AdminOrdersTest@6babf3bf]" started-at="2023-07-07T09:10:25 GMT-07:00" name="Adminorders" finished-at="2023-07-07T09:10:29 GMT-07:00" duration-ms="3453" status="PASS">
          <reporter-output>
          </reporter-output>
        </test-method> <!-- Adminorders -->
        <test-method is-config="true" signature="cleanUp()[pri:0, instance:testing.AdminOrdersTest@6babf3bf]" started-at="2023-07-07T09:10:29 GMT-07:00" name="cleanUp" finished-at="2023-07-07T09:10:29 GMT-07:00" duration-ms="104" status="PASS">
          <reporter-output>
          </reporter-output>
        </test-method> <!-- cleanUp -->
      </class> <!-- testing.AdminOrdersTest -->
    </test> <!-- Adminorders -->
    <test started-at="2023-07-07T09:10:29 GMT-07:00" name="Deletemedicine" finished-at="2023-07-07T09:10:44 GMT-07:00" duration-ms="14729">
      <class name="testing.DeleteMedicine">
        <test-method is-config="true" signature="setUp()[pri:0, instance:testing.DeleteMedicine@6f46426d]" started-at="2023-07-07T09:10:29 GMT-07:00" name="setUp" finished-at="2023-07-07T09:10:37 GMT-07:00" duration-ms="8100" status="PASS">
          <reporter-output>
          </reporter-output>
        </test-method> <!-- setUp -->
        <test-method signature="Delete()[pri:0, instance:testing.DeleteMedicine@6f46426d]" started-at="2023-07-07T09:10:37 GMT-07:00" name="Delete" finished-at="2023-07-07T09:10:43 GMT-07:00" duration-ms="6266" status="PASS">
          <reporter-output>
          </reporter-output>
        </test-method> <!-- Delete -->
        <test-method is-config="true" signature="cleanUp()[pri:0, instance:testing.DeleteMedicine@6f46426d]" started-at="2023-07-07T09:10:43 GMT-07:00" name="cleanUp" finished-at="2023-07-07T09:10:44 GMT-07:00" duration-ms="360" status="PASS">
          <reporter-output>
          </reporter-output>
        </test-method> <!-- cleanUp -->
      </class> <!-- testing.DeleteMedicine -->
    </test> <!-- Deletemedicine -->
  </suite> <!-- Suite -->
</testng-results>
